This is XeTeX, Version 3.141592653-2.6-0.999996 (TeX Live 2024) (preloaded format=xelatex 2024.3.21)  23 MAY 2024 22:44
entering extended mode
 restricted \write18 enabled.
 %&-line parsing enabled.
**BasicCategoryTheory.tex
(./BasicCategoryTheory.tex
LaTeX2e <2023-11-01> patch level 1
L3 programming layer <2024-02-20>
(./cambridge7A.cls

LaTeX Warning: You have requested document class `cambridge7A',
               but the document class provides `cambridge7A.cls'.

Document Class: cambridge7A.cls 2011/02/28, v3.00 gamma 
\AJW@indent=\dimen140
\AJW@floatindent=\dimen141
*** Using cambridge7A.cls, authored option [default] ***
\AJW@baseskip=\skip48
\AJW@theskip=\skip49
\AJW@measure=\dimen142
\AJW@headwidth=\dimen143
\apptmp=\count184
\@dotbox=\box51
\c@part=\count185
\c@chapter=\count186
\c@section=\count187
\c@subsection=\count188
\c@subsubsection=\count189
\c@paragraph=\count190
\c@subparagraph=\count191
\c@ex@bean=\count192
\tmp=\count193
\c@ex@beanbychapter=\count194
\c@prob@bean=\count195
\tmp=\count196
\c@prob@beanbychapter=\count197
\AJW@tocindent=\dimen144
\AJW@toclmarg=\dimen145
\bibindent=\dimen146
\@footindent=\skip50
\c@endnote=\count198
\endnotesep=\dimen147
\@enotes=\write3
\figcapindent=\skip51
\figcapwidth=\skip52
\@figbox=\box52
\AJW@floatwidth=\dimen148
\c@figure=\count199
\c@table=\count266
) (./macros.tex (/usr/local/texlive/2024/texmf-dist/tex/latex/base/latexsym.sty
Package: latexsym 1998/08/17 v2.2e Standard LaTeX package (lasy symbols)
\symlasy=\mathgroup4
LaTeX Font Info:    Overwriting symbol font `lasy' in version `bold'
(Font)                  U/lasy/m/n --> U/lasy/b/n on input line 52.
) (/usr/local/texlive/2024/texmf-dist/tex/latex/amsfonts/amssymb.sty
Package: amssymb 2013/01/14 v3.01 AMS font symbols

(/usr/local/texlive/2024/texmf-dist/tex/latex/amsfonts/amsfonts.sty
Package: amsfonts 2013/01/14 v3.01 Basic AMSFonts support
\@emptytoks=\toks17
\symAMSa=\mathgroup5
\symAMSb=\mathgroup6
LaTeX Font Info:    Redeclaring math symbol \hbar on input line 98.
LaTeX Font Info:    Overwriting math alphabet `\mathfrak' in version `bold'
(Font)                  U/euf/m/n --> U/euf/b/n on input line 106.
))
(/usr/local/texlive/2024/texmf-dist/tex/latex/amsmath/amsmath.sty
Package: amsmath 2023/05/13 v2.17o AMS math features
\@mathmargin=\skip53

For additional information on amsmath, use the `?' option.
(/usr/local/texlive/2024/texmf-dist/tex/latex/amsmath/amstext.sty
Package: amstext 2021/08/26 v2.01 AMS text

(/usr/local/texlive/2024/texmf-dist/tex/latex/amsmath/amsgen.sty
File: amsgen.sty 1999/11/30 v2.0 generic functions
\@emptytoks=\toks18
\ex@=\dimen149
))
(/usr/local/texlive/2024/texmf-dist/tex/latex/amsmath/amsbsy.sty
Package: amsbsy 1999/11/29 v1.2d Bold Symbols
\pmbraise@=\dimen150
)
(/usr/local/texlive/2024/texmf-dist/tex/latex/amsmath/amsopn.sty
Package: amsopn 2022/04/08 v2.04 operator names
)
\inf@bad=\count267
LaTeX Info: Redefining \frac on input line 234.
\uproot@=\count268
\leftroot@=\count269
LaTeX Info: Redefining \overline on input line 399.
LaTeX Info: Redefining \colon on input line 410.
\classnum@=\count270
\DOTSCASE@=\count271
LaTeX Info: Redefining \ldots on input line 496.
LaTeX Info: Redefining \dots on input line 499.
LaTeX Info: Redefining \cdots on input line 620.
\Mathstrutbox@=\box53
\strutbox@=\box54
LaTeX Info: Redefining \big on input line 722.
LaTeX Info: Redefining \Big on input line 723.
LaTeX Info: Redefining \bigg on input line 724.
LaTeX Info: Redefining \Bigg on input line 725.
\big@size=\dimen151
LaTeX Font Info:    Redeclaring font encoding OML on input line 743.
LaTeX Font Info:    Redeclaring font encoding OMS on input line 744.
\macc@depth=\count272
LaTeX Info: Redefining \bmod on input line 905.
LaTeX Info: Redefining \pmod on input line 910.
LaTeX Info: Redefining \smash on input line 940.
LaTeX Info: Redefining \relbar on input line 970.
LaTeX Info: Redefining \Relbar on input line 971.
\c@MaxMatrixCols=\count273
\dotsspace@=\muskip16
\c@parentequation=\count274
\dspbrk@lvl=\count275
\tag@help=\toks19
\row@=\count276
\column@=\count277
\maxfields@=\count278
\andhelp@=\toks20
\eqnshift@=\dimen152
\alignsep@=\dimen153
\tagshift@=\dimen154
\tagwidth@=\dimen155
\totwidth@=\dimen156
\lineht@=\dimen157
\@envbody=\toks21
\multlinegap=\skip54
\multlinetaggap=\skip55
\mathdisplay@stack=\toks22
LaTeX Info: Redefining \[ on input line 2953.
LaTeX Info: Redefining \] on input line 2954.
)
(/usr/local/texlive/2024/texmf-dist/tex/latex/bbm-macros/bbm.sty
Package: bbm 1999/03/15 V 1.2 provides fonts for set symbols - TH
LaTeX Font Info:    Overwriting math alphabet `\mathbbm' in version `bold'
(Font)                  U/bbm/m/n --> U/bbm/bx/n on input line 33.
LaTeX Font Info:    Overwriting math alphabet `\mathbbmss' in version `bold'
(Font)                  U/bbmss/m/n --> U/bbmss/bx/n on input line 35.
)
(/usr/local/texlive/2024/texmf-dist/tex/latex/jknapltx/mathrsfs.sty
Package: mathrsfs 1996/01/01 Math RSFS package v1.0 (jk)
\symrsfs=\mathgroup7
)
(/usr/local/texlive/2024/texmf-dist/tex/latex/graphics/graphicx.sty
Package: graphicx 2021/09/16 v1.2d Enhanced LaTeX Graphics (DPC,SPQR)

(/usr/local/texlive/2024/texmf-dist/tex/latex/graphics/keyval.sty
Package: keyval 2022/05/29 v1.15 key=value parser (DPC)
\KV@toks@=\toks23
)
(/usr/local/texlive/2024/texmf-dist/tex/latex/graphics/graphics.sty
Package: graphics 2022/03/10 v1.4e Standard LaTeX Graphics (DPC,SPQR)

(/usr/local/texlive/2024/texmf-dist/tex/latex/graphics/trig.sty
Package: trig 2021/08/11 v1.11 sin cos tan (DPC)
)
(/usr/local/texlive/2024/texmf-dist/tex/latex/graphics-cfg/graphics.cfg
File: graphics.cfg 2016/06/04 v1.11 sample graphics configuration
)
Package graphics Info: Driver file: xetex.def on input line 107.

(/usr/local/texlive/2024/texmf-dist/tex/latex/graphics-def/xetex.def
File: xetex.def 2022/09/22 v5.0n Graphics/color driver for xetex
))
\Gin@req@height=\dimen158
\Gin@req@width=\dimen159
)
(/usr/local/texlive/2024/texmf-dist/tex/latex/graphics/color.sty
Package: color 2022/01/06 v1.3d Standard LaTeX Color (DPC)

(/usr/local/texlive/2024/texmf-dist/tex/latex/graphics-cfg/color.cfg
File: color.cfg 2016/01/02 v1.6 sample color configuration
)
Package color Info: Driver file: xetex.def on input line 149.

(/usr/local/texlive/2024/texmf-dist/tex/latex/graphics/mathcolor.ltx))
(/usr/local/texlive/2024/texmf-dist/tex/latex/tools/multicol.sty
Package: multicol 2023/03/30 v1.9f multicolumn formatting (FMi)
\c@tracingmulticols=\count279
\mult@box=\box55
\multicol@leftmargin=\dimen160
\c@unbalance=\count280
\c@collectmore=\count281
\doublecol@number=\count282
\multicoltolerance=\count283
\multicolpretolerance=\count284
\full@width=\dimen161
\page@free=\dimen162
\premulticols=\dimen163
\postmulticols=\dimen164
\multicolsep=\skip56
\multicolbaselineskip=\skip57
\partial@page=\box56
\last@line=\box57
\mc@boxedresult=\box58
\maxbalancingoverflow=\dimen165
\mult@rightbox=\box59
\mult@grightbox=\box60
\mult@firstbox=\box61
\mult@gfirstbox=\box62
\@tempa=\box63
\@tempa=\box64
\@tempa=\box65
\@tempa=\box66
\@tempa=\box67
\@tempa=\box68
\@tempa=\box69
\@tempa=\box70
\@tempa=\box71
\@tempa=\box72
\@tempa=\box73
\@tempa=\box74
\@tempa=\box75
\@tempa=\box76
\@tempa=\box77
\@tempa=\box78
\@tempa=\box79
\@tempa=\box80
\@tempa=\box81
\@tempa=\box82
\@tempa=\box83
\@tempa=\box84
\@tempa=\box85
\@tempa=\box86
\@tempa=\box87
\@tempa=\box88
\@tempa=\box89
\@tempa=\box90
\@tempa=\box91
\@tempa=\box92
\@tempa=\box93
\@tempa=\box94
\@tempa=\box95
\@tempa=\box96
\@tempa=\box97
\@tempa=\box98
\c@minrows=\count285
\c@columnbadness=\count286
\c@finalcolumnbadness=\count287
\last@try=\dimen166
\multicolovershoot=\dimen167
\multicolundershoot=\dimen168
\mult@nat@firstbox=\box99
\colbreak@box=\box100
\mc@col@check@num=\count288
)
(/usr/local/texlive/2024/texmf-dist/tex/latex/url/url.sty
\Urlmuskip=\muskip17
Package: url 2013/09/16  ver 3.4  Verb mode for urls, etc.
)
(/usr/local/texlive/2024/texmf-dist/tex/latex/base/makeidx.sty
Package: makeidx 2021/10/04 v1.0m Standard LaTeX package
)
\@indexfile=\write4
\openout4 = `BasicCategoryTheory.idx'.


Writing index file BasicCategoryTheory.idx
(/usr/local/texlive/2024/texmf-dist/tex/generic/xypic/xy.sty
(/usr/local/texlive/2024/texmf-dist/tex/generic/xypic/xy.tex Bootstrap'ing:
catcodes, docmode,
(/usr/local/texlive/2024/texmf-dist/tex/generic/xypic/xyrecat.tex)
(/usr/local/texlive/2024/texmf-dist/tex/generic/xypic/xyidioms.tex)

 Xy-pic version 3.8.9 <2013/10/06>
 Copyright (c) 1991-2013 by Kristoffer H. Rose <krisrose@tug.org> and others
 Xy-pic is free software: see the User's Guide for details.

Loading kernel: messages; fonts; allocations: state,
\X@c=\dimen169
\Y@c=\dimen170
\U@c=\dimen171
\D@c=\dimen172
\L@c=\dimen173
\R@c=\dimen174
\Edge@c=\toks24
\X@p=\dimen175
\Y@p=\dimen176
\U@p=\dimen177
\D@p=\dimen178
\L@p=\dimen179
\R@p=\dimen180
\Edge@p=\toks25
\X@origin=\dimen181
\Y@origin=\dimen182
\X@xbase=\dimen183
\Y@xbase=\dimen184
\X@ybase=\dimen185
\Y@ybase=\dimen186
\X@min=\dimen187
\Y@min=\dimen188
\X@max=\dimen189
\Y@max=\dimen190
\lastobjectbox@=\box101
\zerodotbox@=\box102
\almostz@=\dimen191
 direction,
\d@X=\dimen192
\d@Y=\dimen193
\K@=\count289
\KK@=\count290
\Direction=\count291
\K@dXdY=\dimen194
\K@dYdX=\dimen195
\xyread@=\read2
\xywrite@=\write5
\csp@=\count292
\quotPTK@=\dimen196

utility macros; pictures: \xy, positions,
\swaptoks@@=\toks26
\connectobjectbox@@=\box103
 objects,
\styletoks@=\toks27
 decorations;
kernel objects: directionals, circles, text; options; algorithms: directions,
edges, connections;  Xy-pic loaded)
(/usr/local/texlive/2024/texmf-dist/tex/generic/iftex/ifpdf.sty
Package: ifpdf 2019/10/25 v3.4 ifpdf legacy package. Use iftex instead.

(/usr/local/texlive/2024/texmf-dist/tex/generic/iftex/iftex.sty
Package: iftex 2022/02/03 v1.0f TeX engine tests
))
Package: xy 2013/10/06 Xy-pic version 3.8.9

(/usr/local/texlive/2024/texmf-dist/tex/generic/xypic/xyall.tex
 Xy-pic option: All features v.3.8
(/usr/local/texlive/2024/texmf-dist/tex/generic/xypic/xycurve.tex
 Xy-pic option: Curve and Spline extension v.3.12 curve,
\crv@cnt@=\count293
\crvpts@=\toks28
\splinebox@=\box104
\splineval@=\dimen197
\splinedepth@=\dimen198
\splinetol@=\dimen199
\splinelength@=\dimen256
 circles,
\L@=\dimen257
 loaded)
(/usr/local/texlive/2024/texmf-dist/tex/generic/xypic/xyframe.tex
 Xy-pic option: Frame and Bracket extension v.3.14 loaded)
(/usr/local/texlive/2024/texmf-dist/tex/generic/xypic/xycmtip.tex
 Xy-pic option: Computer Modern tip extension v.3.7
(/usr/local/texlive/2024/texmf-dist/tex/generic/xypic/xytips.tex
 Xy-pic option: More Tips extension v.3.11 loaded) loaded)
(/usr/local/texlive/2024/texmf-dist/tex/generic/xypic/xyline.tex
 Xy-pic option: Line styles extension v.3.10
\xylinethick@=\dimen258
 loaded)
(/usr/local/texlive/2024/texmf-dist/tex/generic/xypic/xyrotate.tex
 Xy-pic option: Rotate and Scale extension v.3.8 loaded)
(/usr/local/texlive/2024/texmf-dist/tex/generic/xypic/xycolor.tex
 Xy-pic option: Colour extension v.3.11 loaded)
(/usr/local/texlive/2024/texmf-dist/tex/generic/xypic/xymatrix.tex
 Xy-pic option: Matrix feature v.3.14
\Row=\count294
\Col=\count295
\queue@=\toks29
\queue@@=\toks30
\qcount@=\count296
\qcount@@=\count297
\matrixsize@=\count298
 loaded)
(/usr/local/texlive/2024/texmf-dist/tex/generic/xypic/xyarrow.tex
 Xy-pic option: Arrow and Path feature v.3.9 path, \ar, loaded)
(/usr/local/texlive/2024/texmf-dist/tex/generic/xypic/xygraph.tex
 Xy-pic option: Graph feature v.3.11 loaded) loaded)
(/usr/local/texlive/2024/texmf-dist/tex/generic/xypic/xy2cell.tex
 Xy-pic option: Two-cell feature v.3.7 two-cells, loaded))
(/usr/local/texlive/2024/texmf-dist/tex/generic/xypic/xyarc.tex
 Xy-pic option: Circle, Ellipse, Arc feature v.3.8 circles, ellipses,
elliptical arcs, loaded)
(/usr/local/texlive/2024/texmf-dist/tex/generic/xypic/xyrotate.tex
 Xy-pic option: Rotate and Scale extension v.3.8 not reloaded)
(/usr/local/texlive/2024/texmf-dist/tex/latex/hyperref/hyperref.sty
Package: hyperref 2024-01-20 v7.01h Hypertext links for LaTeX

(/usr/local/texlive/2024/texmf-dist/tex/latex/kvsetkeys/kvsetkeys.sty
Package: kvsetkeys 2022-10-05 v1.19 Key value parser (HO)
)
(/usr/local/texlive/2024/texmf-dist/tex/generic/kvdefinekeys/kvdefinekeys.sty
Package: kvdefinekeys 2019-12-19 v1.6 Define keys (HO)
)
(/usr/local/texlive/2024/texmf-dist/tex/generic/pdfescape/pdfescape.sty
Package: pdfescape 2019/12/09 v1.15 Implements pdfTeX's escape features (HO)

(/usr/local/texlive/2024/texmf-dist/tex/generic/ltxcmds/ltxcmds.sty
Package: ltxcmds 2023-12-04 v1.26 LaTeX kernel commands for general use (HO)
)
(/usr/local/texlive/2024/texmf-dist/tex/generic/pdftexcmds/pdftexcmds.sty
Package: pdftexcmds 2020-06-27 v0.33 Utility functions of pdfTeX for LuaTeX (HO
)

(/usr/local/texlive/2024/texmf-dist/tex/generic/infwarerr/infwarerr.sty
Package: infwarerr 2019/12/03 v1.5 Providing info/warning/error messages (HO)
)
Package pdftexcmds Info: \pdf@primitive is available.
Package pdftexcmds Info: \pdf@ifprimitive is available.
Package pdftexcmds Info: \pdfdraftmode not found.
))
(/usr/local/texlive/2024/texmf-dist/tex/latex/hycolor/hycolor.sty
Package: hycolor 2020-01-27 v1.10 Color options for hyperref/bookmark (HO)
)
(/usr/local/texlive/2024/texmf-dist/tex/latex/auxhook/auxhook.sty
Package: auxhook 2019-12-17 v1.6 Hooks for auxiliary files (HO)
)
(/usr/local/texlive/2024/texmf-dist/tex/latex/hyperref/nameref.sty
Package: nameref 2023-11-26 v2.56 Cross-referencing by name of section

(/usr/local/texlive/2024/texmf-dist/tex/latex/refcount/refcount.sty
Package: refcount 2019/12/15 v3.6 Data extraction from label references (HO)
)
(/usr/local/texlive/2024/texmf-dist/tex/generic/gettitlestring/gettitlestring.s
ty
Package: gettitlestring 2019/12/15 v1.6 Cleanup title references (HO)
 (/usr/local/texlive/2024/texmf-dist/tex/latex/kvoptions/kvoptions.sty
Package: kvoptions 2022-06-15 v3.15 Key value format for package options (HO)
))
\c@section@level=\count299
)
(/usr/local/texlive/2024/texmf-dist/tex/latex/etoolbox/etoolbox.sty
Package: etoolbox 2020/10/05 v2.5k e-TeX tools for LaTeX (JAW)
\etb@tempcnta=\count300
)
\@linkdim=\dimen259
\Hy@linkcounter=\count301
\Hy@pagecounter=\count302

(/usr/local/texlive/2024/texmf-dist/tex/latex/hyperref/pd1enc.def
File: pd1enc.def 2024-01-20 v7.01h Hyperref: PDFDocEncoding definition (HO)
)
(/usr/local/texlive/2024/texmf-dist/tex/generic/intcalc/intcalc.sty
Package: intcalc 2019/12/15 v1.3 Expandable calculations with integers (HO)
)
\Hy@SavedSpaceFactor=\count303

(/usr/local/texlive/2024/texmf-dist/tex/latex/hyperref/puenc.def
File: puenc.def 2024-01-20 v7.01h Hyperref: PDF Unicode definition (HO)
)
Package hyperref Info: Hyper figures OFF on input line 4179.
Package hyperref Info: Link nesting OFF on input line 4184.
Package hyperref Info: Hyper index ON on input line 4187.
Package hyperref Info: Plain pages OFF on input line 4194.
Package hyperref Info: Backreferencing OFF on input line 4199.
Package hyperref Info: Implicit mode ON; LaTeX internals redefined.
Package hyperref Info: Bookmarks ON on input line 4446.
\c@Hy@tempcnt=\count304
LaTeX Info: Redefining \url on input line 4784.
\XeTeXLinkMargin=\dimen260

(/usr/local/texlive/2024/texmf-dist/tex/generic/bitset/bitset.sty
Package: bitset 2019/12/09 v1.3 Handle bit-vector datatype (HO)

(/usr/local/texlive/2024/texmf-dist/tex/generic/bigintcalc/bigintcalc.sty
Package: bigintcalc 2019/12/15 v1.5 Expandable calculations on big integers (HO
)
))
\Fld@menulength=\count305
\Field@Width=\dimen261
\Fld@charsize=\dimen262
Package hyperref Info: Hyper figures OFF on input line 6063.
Package hyperref Info: Link nesting OFF on input line 6068.
Package hyperref Info: Hyper index ON on input line 6071.
Package hyperref Info: backreferencing OFF on input line 6078.
Package hyperref Info: Link coloring OFF on input line 6083.
Package hyperref Info: Link coloring with OCG OFF on input line 6088.
Package hyperref Info: PDF/A mode OFF on input line 6093.

(/usr/local/texlive/2024/texmf-dist/tex/latex/base/atbegshi-ltx.sty
Package: atbegshi-ltx 2021/01/10 v1.0c Emulation of the original atbegshi
package with kernel methods
)
\Hy@abspage=\count306
\c@Item=\count307
\c@Hfootnote=\count308
)
Package hyperref Info: Driver (autodetected): hxetex.

(/usr/local/texlive/2024/texmf-dist/tex/latex/hyperref/hxetex.def
File: hxetex.def 2024-01-20 v7.01h Hyperref driver for XeTeX

(/usr/local/texlive/2024/texmf-dist/tex/generic/stringenc/stringenc.sty
Package: stringenc 2019/11/29 v1.12 Convert strings between diff. encodings (HO
)
)
\pdfm@box=\box105
\c@Hy@AnnotLevel=\count309
\HyField@AnnotCount=\count310
\Fld@listcount=\count311
\c@bookmark@seq@number=\count312

(/usr/local/texlive/2024/texmf-dist/tex/latex/rerunfilecheck/rerunfilecheck.sty
Package: rerunfilecheck 2022-07-10 v1.10 Rerun checks for auxiliary files (HO)
(/usr/local/texlive/2024/texmf-dist/tex/latex/base/atveryend-ltx.sty
Package: atveryend-ltx 2020/08/19 v1.0a Emulation of the original atveryend pac
kage
with kernel methods
)
(/usr/local/texlive/2024/texmf-dist/tex/generic/uniquecounter/uniquecounter.sty
Package: uniquecounter 2019/12/15 v1.4 Provide unlimited unique counter (HO)
)
Package uniquecounter Info: New unique counter `rerunfilecheck' on input line 2
85.
)
\Hy@SectionHShift=\skip58
)
Package hyperref Info: Option `colorlinks' set `true' on input line 37.
Package hyperref Info: Option `breaklinks' set `true' on input line 37.
) (./theoremenvts.tex
(/usr/local/texlive/2024/texmf-dist/tex/latex/ntheorem/ntheorem.sty
Style `ntheorem', Version 1.33 <2011/08/15>
Package: ntheorem 2011/08/15 1.33
(/usr/local/texlive/2024/texmf-dist/tex/latex/base/ifthen.sty
Package: ifthen 2022/04/13 v1.1d Standard LaTeX ifthen package (DPC)
)
\theorem@style=\toks31
\theorem@@style=\toks32
\theorembodyfont=\toks33
\theoremnumbering=\toks34
\theorempreskipamount=\skip59
\theorempostskipamount=\skip60
\theoremframepreskipamount=\skip61
\theoremframepostskipamount=\skip62
\theoreminframepreskipamount=\skip63
\theoreminframepostskipamount=\skip64
\theorem@preskip=\toks35
\theorem@postskip=\toks36
\theorem@framepreskip=\toks37
\theorem@framepostskip=\toks38
\theorem@inframepreskip=\toks39
\theorem@inframepostskip=\toks40
\theoremindent=\dimen263
\theorem@indent=\dimen264
\theoremrightindent=\dimen265
\theorem@rightindent=\dimen266
\theoremheaderfont=\toks41
\theoremseparator=\toks42
\theoremprework=\toks43
\theorempostwork=\toks44
\theoremsymbol=\toks45
\qedsymbol=\toks46
\theoremkeyword=\toks47
\qedsymbol=\toks48
\thm@topsep=\skip65
\thm@topsepadd=\skip66
Package ntheorem Info: Option `thmmarks' loaded on input line 1175.
\c@endNonectr=\count313
\c@currNonectr=\count314
\mysavskip=\skip67
Package ntheorem Info: option `amsmath' handling for `thmmarks' loaded on input
 line 1175.
\thm@amstmpdepth=\dimen267
\tagwidth=\dimen268
)
\c@currthmctr=\count315
\c@endthmctr=\count316
\c@thm=\count317
\c@currpropnctr=\count318
\c@endpropnctr=\count319
\c@currlemmactr=\count320
\c@endlemmactr=\count321
\c@currcorctr=\count322
\c@endcorctr=\count323
\c@currilemmactr=\count324
\c@endilemmactr=\count325
\c@ilemma=\count326
\c@curralemmactr=\count327
\c@endalemmactr=\count328
\c@alemma=\count329
\c@currdefnctr=\count330
\c@enddefnctr=\count331
\c@currexamplectr=\count332
\c@endexamplectr=\count333
\c@currexamplesctr=\count334
\c@endexamplesctr=\count335
\c@currremarkctr=\count336
\c@endremarkctr=\count337
\c@currremarksctr=\count338
\c@endremarksctr=\count339
\c@currwarningctr=\count340
\c@endwarningctr=\count341
\c@currnotnctr=\count342
\c@endnotnctr=\count343
\c@currconstnctr=\count344
\c@endconstnctr=\count345
\c@currquestionctr=\count346
\c@endquestionctr=\count347
\c@curriexamplectr=\count348
\c@endiexamplectr=\count349
\c@curriquestionctr=\count350
\c@endiquestionctr=\count351
\c@curraquestionctr=\count352
\c@endaquestionctr=\count353
\c@currpfctr=\count354
\c@endpfctr=\count355
\c@pf=\count356
\c@currpfoftheoremctr=\count357
\c@endpfoftheoremctr=\count358
\c@pfoftheorem=\count359
)
(/usr/local/texlive/2024/texmf-dist/tex/latex/l3backend/l3backend-xetex.def
File: l3backend-xetex.def 2024-03-14 L3 backend support: XeTeX
\g__graphics_track_int=\count360
\l__pdf_internal_box=\box106
\g__pdf_backend_object_int=\count361
\g__pdf_backend_annotation_int=\count362
\g__pdf_backend_link_int=\count363
)
(./BasicCategoryTheory.aux (./titlepages.aux) (./arxivpreface.aux) (./front.aux
) (./preface.aux) (./intro.aux) (./cfnt.aux) (./adj.aux) (./sets.aux)
(./rep.aux) (./lims.aux) (./arl.aux) (./gaft.aux) (./reading.aux)
(./notation.aux))
\openout1 = `BasicCategoryTheory.aux'.

LaTeX Font Info:    Checking defaults for OML/cmm/m/it on input line 15.
LaTeX Font Info:    ... okay on input line 15.
LaTeX Font Info:    Checking defaults for OMS/cmsy/m/n on input line 15.
LaTeX Font Info:    ... okay on input line 15.
LaTeX Font Info:    Checking defaults for OT1/cmr/m/n on input line 15.
LaTeX Font Info:    ... okay on input line 15.
LaTeX Font Info:    Checking defaults for T1/cmr/m/n on input line 15.
LaTeX Font Info:    ... okay on input line 15.
LaTeX Font Info:    Checking defaults for TS1/cmr/m/n on input line 15.
LaTeX Font Info:    Trying to load font information for TS1+cmr on input line 1
5.
 (/usr/local/texlive/2024/texmf-dist/tex/latex/base/ts1cmr.fd
File: ts1cmr.fd 2023/04/13 v2.5m Standard LaTeX font definitions
)
LaTeX Font Info:    ... okay on input line 15.
LaTeX Font Info:    Checking defaults for TU/lmr/m/n on input line 15.
LaTeX Font Info:    ... okay on input line 15.
LaTeX Font Info:    Checking defaults for OMX/cmex/m/n on input line 15.
LaTeX Font Info:    ... okay on input line 15.
LaTeX Font Info:    Checking defaults for U/cmr/m/n on input line 15.
LaTeX Font Info:    ... okay on input line 15.
LaTeX Font Info:    Checking defaults for PD1/pdf/m/n on input line 15.
LaTeX Font Info:    ... okay on input line 15.
LaTeX Font Info:    Checking defaults for PU/pdf/m/n on input line 15.
LaTeX Font Info:    ... okay on input line 15.
Package hyperref Info: Link coloring ON on input line 15.
(./BasicCategoryTheory.out) (./BasicCategoryTheory.out)
\@outlinefile=\write6
\openout6 = `BasicCategoryTheory.out'.

\openout2 = `titlepages.aux'.

 (./titlepages.tex
[1


]) [2]
\openout2 = `arxivpreface.aux'.

 (./arxivpreface.tex
LaTeX Font Info:    Trying to load font information for U+lasy on input line 22
.

(/usr/local/texlive/2024/texmf-dist/tex/latex/base/ulasy.fd
File: ulasy.fd 1998/08/17 v2.2e LaTeX symbol font definitions
)
LaTeX Font Info:    Trying to load font information for U+msa on input line 22.


(/usr/local/texlive/2024/texmf-dist/tex/latex/amsfonts/umsa.fd
File: umsa.fd 2013/01/14 v3.01 AMS symbols A
)
LaTeX Font Info:    Trying to load font information for U+msb on input line 22.


(/usr/local/texlive/2024/texmf-dist/tex/latex/amsfonts/umsb.fd
File: umsb.fd 2013/01/14 v3.01 AMS symbols B
)
LaTeX Font Info:    Trying to load font information for U+rsfs on input line 22
.

(/usr/local/texlive/2024/texmf-dist/tex/latex/jknapltx/ursfs.fd
File: ursfs.fd 1998/03/24 rsfs font definition file (jk)
)
Overfull \hbox (14.31001pt too wide) in paragraph at lines 31--39
\TU/lmr/m/n/10 mons website, [][]$[][][][][] [] [] [] [][][][][][][][][][][][][
][][] [] [][][] [] [][][][][][][][] [] [][][][][][][][][][] [] [] [] []$[][]. B
roadly
 []


Underfull \vbox (badness 10000) has occurred while \output is active []

 [3





]
[4]) [5]
\openout2 = `front.aux'.

 (./front.tex (./BasicCategoryTheory.toc)
\tf@toc=\write7
\openout7 = `BasicCategoryTheory.toc'.

 [6




]) [7

]
\openout2 = `preface.aux'.

 (./preface.tex

Package hyperref Warning: bookmark level for unknown schapter defaults to 0.

[8




]) [9] [10



]
\openout2 = `intro.aux'.

 (./intro.tex
Package hyperref Info: bookmark level for unknown iexample defaults to 0 on inp
ut line 36.
 [1


]
Package hyperref Info: bookmark level for unknown ilemma defaults to 0 on input
 line 137.
 [2]
Package hyperref Info: bookmark level for unknown pf defaults to 0 on input lin
e 146.
 <xymatrix 2x2 141> [3] <xymatrix 2x2 144>
Overfull \hbox (2.00652pt too wide) in paragraph at lines 268--272
[]\TU/lmr/m/n/10 Indeed, given $\OML/cmm/m/it/10 S$\TU/lmr/m/n/10 , the univers
al property determines $\OML/cmm/m/it/10 D\OT1/cmr/m/n/10 (\OML/cmm/m/it/10 S\O
T1/cmr/m/n/10 )$ \TU/lmr/m/n/10 and $\OML/cmm/m/it/10 i$ \TU/lmr/m/n/10 uniquel
y
 []

[4] <xymatrix 2x2 144> <xymatrix 2x3 240> [5] <xymatrix 3x1 142> [6] <xymatrix
2x2 194> <xymatrix 3x3 351> <xymatrix 2x2 194> [7]
Package hyperref Info: bookmark level for unknown iquestion defaults to 0 on in
put line 531.
 [8]) [9]
\openout2 = `cfnt.aux'.

 (./cfnt.tex
Chapter 1.
[10




]
Package hyperref Info: bookmark level for unknown defn defaults to 0 on input l
ine 67.
Package hyperref Info: bookmark level for unknown remarks defaults to 0 on inpu
t line 156.
 [11] <xymatrix 2x1 94> <xymatrix 3x2 231>
Package hyperref Info: bookmark level for unknown examples defaults to 0 on inp
ut line 279.

Overfull \hbox (3.73598pt too wide) in paragraph at lines 284--296
[][]
 []

[12]
Package hyperref Info: bookmark level for unknown example defaults to 0 on inpu
t line 379.

Underfull \hbox (badness 10000) in paragraph at lines 380--387
\TU/lmr/m/n/10 This
 []

[13]
Overfull \hbox (2.9411pt too wide) in paragraph at lines 463--478
[][]
 []

[14] <xymatrix 2x1 80> <xymatrix 3x2 149> <xymatrix 3x2 313> <xymatrix 1x1
193> [15] [16]
Package hyperref Info: bookmark level for unknown constn defaults to 0 on input
 line 696.
 [17]
Package hyperref Info: bookmark level for unknown remark defaults to 0 on input
 line 728.
Package hyperref Info: bookmark level for unknown question defaults to 0 on inp
ut line 775.
 [18] <xymatrix 2x1 94> [19] [20] [21]
Overfull \hbox (15.39005pt too wide) in paragraph at lines 1129--1136
[][]\TU/lmr/m/n/10 Historically, some
 []

[22] [23]
Overfull \hbox (4.79451pt too wide) in paragraph at lines 1291--1298
[][]\TU/lmr/m/n/10 Let $\U/rsfs/m/n/10 A$ \TU/lmr/m/n/10 and $\U/rsfs/m/n/10 B$
 \TU/lmr/m/n/10 be categories. A \TU/lmr/bx/n/10 contravariant[][] func-
 []


Overfull \hbox (1.80002pt too wide) in paragraph at lines 1324--1327
\TU/lmr/m/n/10 functions on it. The importance of this principle in twentieth- 
and twenty-
 []

[24] [25] [26]
Package hyperref Info: bookmark level for unknown warning defaults to 0 on inpu
t line 1533.
 <xymatrix 3x2 56> <xymatrix 3x2 63> [27] <xymatrix 3x1 102>
<xymatrix 3x2 149> [28]
Overfull \hbox (0.96pt too wide) in paragraph at lines 1773--1775
[][]\TU/lmr/m/n/10 Of the examples of functors appearing in this section, which

 []

[29] <xymatrix 2x1 94> <xymatrix 4x1 18> <xymatrix 7x2 214> <xymatrix 2x1 94>
<xymatrix 2x1 94> <xymatrix 2x2 182> [30] <xymatrix 2x1 20> <xymatrix 2x1 20>
[31] <xymatrix 3x1 24> <xymatrix 2x1 71> [32] <xymatrix 2x1 20> <xymatrix 2x1
20> <xymatrix 2x1 94> <xymatrix 2x1 20> [33]
Package hyperref Info: bookmark level for unknown lemma defaults to 0 on input 
line 2174.
 <xymatrix 2x1 20> <xymatrix 2x1
94> [34] <xymatrix 2x1 94> <xymatrix 2x1 20> [35] <xymatrix 2x1 100> [36]
Package hyperref Info: bookmark level for unknown propn defaults to 0 on input 
line 2405.
Package hyperref Info: bookmark level for unknown cor defaults to 0 on input li
ne 2433.

[37] [38] <xymatrix 2x1 64> [39] <xymatrix 3x1 34> <xymatrix 2x1 20> <xymatrix
2x2 182> <xymatrix 3x1 65> <xymatrix 2x1 20> <xymatrix 3x1 65> <xymatrix 2x1
20> <xymatrix 3x1 136> [40] [41] [42]
Overfull \hbox (11.50523pt too wide) in paragraph at lines 2986--2994
\TU/lmr/m/n/10 Prove that $[]$ is equivalent to $[]$, the category of finite-di
mensional
 []

[43]) [44]
\openout2 = `adj.aux'.

 (./adj.tex
Chapter 2.
<xymatrix 2x1 94> [45




] [46]
LaTeX Font Info:    Font shape `U/lasy/b/n' in size <7> not available
(Font)              Font shape `U/lasy/m/n' tried instead on input line 213.
LaTeX Font Info:    Font shape `U/lasy/b/n' in size <5> not available
(Font)              Font shape `U/lasy/m/n' tried instead on input line 213.

Overfull \hbox (1.88777pt too wide) in paragraph at lines 218--225
[][]\TU/lmr/m/n/10 Forgetful[] functors be-
 []

<xymatrix 1x2 135> [47] <xymatrix 1x2 135>
Overfull \hbox (5.26749pt too wide) in paragraph at lines 303--307
\TU/lmr/m/n/10 where $\OML/cmm/m/it/10 F$ \TU/lmr/m/n/10 and $\OML/cmm/m/it/10 
U$ \TU/lmr/m/n/10 are the free and forgetful functors of Examples [][]1.2.3[][]
[][](a)[][]
 []

[48] <xymatrix 1x2 135> <xymatrix 2x2 144> <xymatrix 1x2 149>
Underfull \vbox (badness 1168) has occurred while \output is active []

 [49]
[50] <xymatrix 1x2 149>
Underfull \vbox (badness 1735) has occurred while \output is active []

 [51]
<xymatrix 1x2 135> [52]
File: curry.pdf Graphic file (type pdf)
<use curry.pdf>


LaTeX Font Warning: Font shape `OT1/cmr/m/n' in size <8.5> not available
(Font)              size <8> substituted on input line 594.


LaTeX Font Warning: Font shape `OML/cmm/m/it' in size <8.5> not available
(Font)              size <8> substituted on input line 594.


LaTeX Font Warning: Font shape `OMS/cmsy/m/n' in size <8.5> not available
(Font)              size <8> substituted on input line 594.


LaTeX Font Warning: Font shape `OT1/cmr/bx/n' in size <8.5> not available
(Font)              size <8> substituted on input line 594.


LaTeX Font Warning: Font shape `U/lasy/m/n' in size <8.5> not available
(Font)              size <8> substituted on input line 594.


LaTeX Font Warning: Font shape `U/rsfs/m/n' in size <8.5> not available
(Font)              size <8> substituted on input line 594.

[53] <xymatrix 3x1 196> <xymatrix 2x1 101>
Overfull \hbox (11.95671pt too wide) detected at line 737
[]  \OT1/cmr/m/n/10 =  []\OML/cmm/m/it/10 F\OT1/cmr/m/n/10 (\OML/cmm/m/it/10 A[
]\OT1/cmr/m/n/10 ) [] \OML/cmm/m/it/10 F\OT1/cmr/m/n/10 (\OML/cmm/m/it/10 A\OT1
/cmr/m/n/10 ) [] \OML/cmm/m/it/10 B [] B[][]
 []

<xymatrix 2x1 144>
Overfull \hbox (17.37225pt too wide) in paragraph at lines 743--747
[][]\TU/lmr/m/n/10 Show that left adjoints preserve initial objects: that is, i
f $[]$
 []

[54] <xymatrix 2x1 144> [55] <xymatrix 2x1 144> <xymatrix 2x2 144> <xymatrix
2x2 144> [56] <xymatrix 2x2 144> <xymatrix 2x2 144>
Package hyperref Info: bookmark level for unknown pfoftheorem defaults to 0 on 
input line 967.
 <xymatrix 2x1 144>
Package hyperref Info: bookmark level for unknown thm defaults to 0 on input li
ne 1019.
 [57]
<xymatrix 2x1 94> <xymatrix 3x2 281> [58] <xymatrix 2x1 94> <xymatrix 2x1 94>
<xymatrix 2x1 94> <xymatrix 2x1 100> [59] <xymatrix 5x3 298> [60] <xymatrix
1x2 44> <xymatrix 3x2 104> <xymatrix 3x2 104> <xymatrix 4x4 189> <xymatrix 1x5
56> <xymatrix 4x4 189> <xymatrix 1x5 56>
Overfull \hbox (13.63019pt too wide) detected at line 1349
 [] \OT1/cmr/m/n/10 = [] [] [] = []
 []

<xymatrix 2x1 94> [61] <xymatrix 2x1 144> <xymatrix 2x1 144> <xymatrix 2x1
144> [62] <xymatrix 1x2 135> <xymatrix 2x2 144> <xymatrix 2x2 100> [63]
<xymatrix 2x2 182> <xymatrix 2x2 212> <xymatrix 3x2 145> [64] <xymatrix 2x2
100> <xymatrix 2x2 103> <xymatrix 2x2 144> [65] <xymatrix 2x1 144> <xymatrix
2x2 144> <xymatrix 2x1 94> <xymatrix 2x2 144> [66] <xymatrix 2x3 234>
<xymatrix 2x3 326> <xymatrix 2x2 144> [67] <xymatrix 2x3 152> <xymatrix 2x3
326> <xymatrix 3x3 211> [68] <xymatrix 2x1 144>) [69]
\openout2 = `sets.aux'.

 (./sets.tex
Chapter 3.

Underfull \vbox (badness 10000) has occurred while \output is active []

 [70




]
File: set.pdf Graphic file (type pdf)
<use set.pdf>
File: function.pdf Graphic file (type pdf)
<use function.pdf>
File: composable.pdf Graphic file (type pdf)
<use composable.pdf>
File: composed.pdf Graphic file (type pdf)
<use composed.pdf>

[71]
Overfull \hbox (24.45532pt too wide) detected at line 142
[]
 []

[72]
File: sumL.pdf Graphic file (type pdf)
<use sumL.pdf>
File: sumR.pdf Graphic file (type pdf)
<use sumR.pdf>
File: sumtot.pdf Graphic file (type pdf)
<use sumtot.pdf>
 [73] [74] <xymatrix 2x1 94> <xymatrix 2x2 144> [75] [76]
Overfull \hbox (1.41pt too wide) in paragraph at lines 567--573
[]\TU/lmr/m/n/10 What we are doing is often referred to as \TU/lmr/m/it/10 foun
dations\TU/lmr/m/n/10 . In this metaphor,
 []


Underfull \vbox (badness 10000) has occurred while \output is active []

 [77]
Underfull \vbox (badness 10000) has occurred while \output is active []

 [78]
[79] [80] [81] <xymatrix 2x1 144> [82] <xymatrix 2x1 94> [83] [84]
Overfull \hbox (10.14pt too wide) in paragraph at lines 1211--1215
[]\TU/lmr/m/n/10 At first sight, this difference might seem mild. But when the 
membership-
 []

[85] [86] [87]
Overfull \hbox (23.53735pt too wide) in paragraph at lines 1352--1369
[][] 
 []

) [88]
\openout2 = `rep.aux'.

 (./rep.tex
Chapter 4.

Underfull \vbox (badness 10000) has occurred while \output is active []

 [89




]
[90] [91] <xymatrix 2x1 144> <xymatrix 2x2 168> [92] <xymatrix 2x2 154>
Underfull \hbox (badness 10000) in paragraph at lines 380--390
\TU/lmr/m/n/10 sentable,
 []

[93] <xymatrix 2x1 20> [94] [95]
Overfull \hbox (0.98563pt too wide) in paragraph at lines 599--609
[][]\TU/lmr/m/n/10 In Example [][]1.2.11[][], we defined a functor $\OML/cmm/m/
it/10 C[][][] \OMS/cmsy/m/n/10 !
 []

<xymatrix 2x1 20> [96] <xymatrix 3x2 192> [97] <xymatrix 2x1 94> <xymatrix 2x2
188> [98] [99] <xymatrix 2x1 94>
Overfull \hbox (4.5945pt too wide) in paragraph at lines 940--943
[][]\TU/lmr/m/n/10 Take locally small categories $\U/rsfs/m/n/10 A$ \TU/lmr/m/n
/10 and $\U/rsfs/m/n/10 B$\TU/lmr/m/n/10 , and functors $[]$.
 []

<xymatrix 2x1 20> [100] [101] <xymatrix 3x2 198>
Overfull \hbox (24.0955pt too wide) detected at line 1087
[]
 []

[102] <xymatrix 2x1 100> <xymatrix 2x2 182> <xymatrix 2x2 154> [103] <xymatrix
2x2 182>
Overfull \hbox (2.43388pt too wide) in paragraph at lines 1252--1255
[]\TU/lmr/m/n/10 This establishes the bijection [] for each $\OML/cmm/m/it/10 A
 \OMS/cmsy/m/n/10 2 \U/rsfs/m/n/10 A$ \TU/lmr/m/n/10 and $\OML/cmm/m/it/10 X \O
MS/cmsy/m/n/10 2 \OT1/cmr/m/n/10 [\U/rsfs/m/n/10 A[]\OML/cmm/m/it/10 ; []\OT1/c
mr/m/n/10 ]$\TU/lmr/m/n/10 .
 []

<xymatrix 2x2 182> [104] <xymatrix 2x2 154> <xymatrix 2x1 20> <xymatrix 2x2
182> <xymatrix 2x2 154> [105]
Package hyperref Info: bookmark level for unknown notn defaults to 0 on input l
ine 1388.
 [106] [107] <xymatrix 2x2 144> <xymatrix 2x1
144>
Overfull \hbox (17.92227pt too wide) in paragraph at lines 1559--1561
[][]\TU/lmr/m/n/10 The same can be said for any other adjunction $[]$.
 []

[108] [109]
File: embedding.pdf Graphic file (type pdf)
<use embedding.pdf>

Underfull \hbox (badness 10000) in paragraph at lines 1743--1753
\TU/lmr/m/n/10 phisms
 []

[110]
Overfull \hbox (0.29001pt too wide) in paragraph at lines 1801--1803
[]\TU/lmr/m/n/10 Since functors always preserve isomorphism (Exercise [][]1.2.2
1[][]), the force
 []

File: view.pdf Graphic file (type pdf)
<use view.pdf>
[111] [112] [113]) [114]
\openout2 = `lims.aux'.

 (./lims.tex
Chapter 5.

Overfull \hbox (6.81004pt too wide) in paragraph at lines 16--19
[]\TU/lmr/m/n/10 Adjointness is about the relationships \TU/lmr/m/it/10 between
 \TU/lmr/m/n/10 categories. Representabil-
 []

[115




] <xymatrix 3x2 108> <xymatrix 3x2 108> <xymatrix 3x3 243> [116] [117]
<xymatrix 3x2 108> <xymatrix 3x2 94>
Overfull \hbox (9.41563pt too wide) in paragraph at lines 256--257
[][]\TU/lmr/m/n/10 Let $\OML/cmm/m/it/10 x; y \OMS/cmsy/m/n/10 2 \U/msb/m/n/10 
R$\TU/lmr/m/n/10 . Their
 []

[118] [119] <xymatrix 3x1 139> <xymatrix 2x1 94> [120] <xymatrix 3x1 139>
<xymatrix 2x2 141> <xymatrix 2x1 94> <xymatrix 2x1 94> <xymatrix 2x1 100>
[121] <xymatrix 2x1 94>
Underfull \hbox (badness 10000) in paragraph at lines 624--636
\TU/lmr/m/n/10 cal
 []

<xymatrix 3x1 142> <xymatrix 2x1 94>
Overfull \hbox (1.51892pt too wide) in paragraph at lines 670--680
[][]\TU/lmr/m/n/10 Let $[]$ be linear maps between vector spaces.
 []

<xymatrix 2x2 100> [122] <xymatrix 2x2 182> <xymatrix 2x2 182> <xymatrix 3x3
339>
Overfull \hbox (7.76189pt too wide) in paragraph at lines 778--779
[][]\TU/lmr/m/n/10 The pullback of a diagram []
 []

[123] <xymatrix 2x2 182> <xymatrix 2x2 182> <xymatrix 3x3 345>
Underfull \vbox (badness 4024) has occurred while \output is active []

 [124]
<xymatrix 2x2 154> [125] <xymatrix 2x1 94> <xymatrix 2x2 100> <xymatrix 2x1
94> <xymatrix 2x2 86> [126] <xymatrix 3x3 243> <xymatrix 2x3 149> [127]
<xymatrix 2x1 94> <xymatrix 3x2 192> <xymatrix 3x1 139> [128] <xymatrix 2x2
100>
Underfull \vbox (badness 2529) has occurred while \output is active []

 [129]
[130] <xymatrix 2x1 100> <xymatrix 2x1 100> [131]
Overfull \hbox (8.34001pt too wide) in paragraph at lines 1455--1465
[][]\TU/lmr/m/n/10 Recall from Example [][]5.1.15[][] that kernels provide equa
l-
 []

<xymatrix 2x1 94> <xymatrix 2x2 182> [132] <xymatrix 3x1 139> <xymatrix 2x2
182> <xymatrix 3x2 264> [133] <xymatrix 2x1 94> <xymatrix 2x1 100> [134]
<xymatrix 2x2 182> <xymatrix 2x3 145> [135] <xymatrix 3x1 102> <xymatrix 3x1
96> <xymatrix 3x3 235> [136] <xymatrix 3x1 102> [137] <xymatrix 2x1 94>
[138] <xymatrix 2x1 94> <xymatrix 2x1 94> <xymatrix 2x2 82> <xymatrix 2x2 96>
[139] <xymatrix 2x2 168> <xymatrix 2x2 154> <xymatrix 2x2 82> [140]
File: sphere_lim.pdf Graphic file (type pdf)
<use sphere_lim.pdf>
File: sphere_colim.pdf Graphic file (type pdf)
<use sphere_colim.pdf>
 [141]
<xymatrix 3x1 132> <xymatrix 3x1 118> [142] <xymatrix 2x1 94> [143] <xymatrix
2x1 94> <xymatrix 2x1 94>
Overfull \hbox (19.59557pt too wide) in paragraph at lines 2561--2567
[][]\TU/lmr/m/n/10 Prove that in the category of monoids,[] the inclusion $\OT1
/cmr/m/n/10 (\U/msb/m/n/10 N\OML/cmm/m/it/10 ; \OT1/cmr/m/n/10 +\OML/cmm/m/it/1
0 ; \OT1/cmr/m/n/10 0) \OML/cmm/m/it/10 ,[]\OMS/cmsy/m/n/10 !
 []

[144] [145] [146] [147]
File: creation.pdf Graphic file (type pdf)
<use creation.pdf>
 [148] [149] <xymatrix 3x1 99> <xymatrix 2x1 144>)
[150]
\openout2 = `arl.aux'.

 (./arl.tex
Chapter 6.

Underfull \vbox (badness 6047) has occurred while \output is active []

 [151




]
<xymatrix 2x1 20> [152] <xymatrix 3x7 645> <xymatrix 2x1 20> [153] <xymatrix
2x2 188> <xymatrix 2x2 188> <xymatrix 2x2 188> [154] [155] <xymatrix 2x1 94>
<xymatrix 2x1 94> <xymatrix 2x1 94> <xymatrix 2x1 94> <xymatrix 3x1 99>
[156] [157] [158]
Overfull \hbox (8.69888pt too wide) in paragraph at lines 642--648
[][]\TU/lmr/m/it/10 Let $\OT1/cmr/bx/n/10 A$ \TU/lmr/m/it/10 and $\OT1/cmr/bx/n
/10 I$ \TU/lmr/m/it/10 be small
 []

<xymatrix 2x1 20> <xymatrix 2x2 188> [159] <xymatrix 2x1 20> [160] [161]
Overfull \hbox (15.8345pt too wide) in paragraph at lines 876--881
[]\TU/lmr/m/n/10 Hence $[] [] \OML/cmm/m/it/10 D[]$ \TU/lmr/m/n/10 is a represe
nting object for the functor $\OT1/cmr/m/n/10 [\OT1/cmr/bx/n/10 I \OMS/cmsy/m/n
/10 ^^B \OT1/cmr/bx/n/10 J\OML/cmm/m/it/10 ; \U/rsfs/m/n/10 S\OT1/cmr/m/n/10 ](
^^A\OMS/cmsy/m/n/10 ^^@\OML/cmm/m/it/10 ; D\OT1/cmr/m/n/10 )$\TU/lmr/m/n/10 .
 []

[162] <xymatrix 2x1 51> [163] [164] [165] <xymatrix 2x3 151> [166]
Overfull \hbox (17.98001pt too wide) in paragraph at lines 1261--1280
\TU/lmr/m/n/10 with the generalized[] element terminology introduced in Definit
ion [][]4.1.25[][].
 []

<xymatrix 2x1 20> [167] [168] <xymatrix 2x1 144> <xymatrix 2x1 144> [169]
[170]
Overfull \hbox (1.31004pt too wide) in paragraph at lines 1610--1618
[]\TU/lmr/m/n/10 Typically, the ‘further conditions’ involve the distinction be
tween small
 []


Overfull \hbox (2.67003pt too wide) in paragraph at lines 1644--1646
[][]
 []

[171] [172] [173]
Overfull \hbox (4.42894pt too wide) in paragraph at lines 1891--1896
[][]\TU/lmr/m/n/10 More generally, GAFT guarantees that forgetful[] func-
 []

[174] [175]
Overfull \hbox (16.16077pt too wide) in paragraph at lines 2007--2013
[][]$[]$ \TU/lmr/m/n/10 is cartesian closed; $\OML/cmm/m/it/10 C[]$ \TU/lmr/m/n
/10 is the function[][] set $[]\OT1/cmr/m/n/10 (\OML/cmm/m/it/10 B; C\OT1/cmr/m
/n/10 )$\TU/lmr/m/n/10 . 
 []


Overfull \hbox (11.79001pt too wide) in paragraph at lines 2024--2034
[]\TU/lmr/m/n/10 In any cartesian closed category with finite sums, the isomorp
hisms []
 []

[176] [177] [178] <xymatrix 2x1 94> [179]) [180]
\openout2 = `gaft.aux'.

 (./gaft.tex
Appendix A.

Package hyperref Warning: Token not allowed in a PDF string (Unicode):
(hyperref)                removing `\hbox' on input line 9.


Package hyperref Warning: Token not allowed in a PDF string (Unicode):
(hyperref)                removing `\hfil' on input line 9.

[181






]
Package hyperref Info: bookmark level for unknown alemma defaults to 0 on input
 line 77.
 <xymatrix 3x1 139> <xymatrix 4x1 141> [182]
Package hyperref Info: bookmark level for unknown aquestion defaults to 0 on in
put line 159.
) [183]
\openout2 = `reading.aux'.

 (./reading.tex
[184




] [185]) [186]
\openout2 = `notation.aux'.

 (./notation.tex
Underfull \hbox (badness 10000) in paragraph at lines 20--36

 []


Underfull \hbox (badness 10000) in paragraph at lines 40--80

 []


Underfull \hbox (badness 10000) in paragraph at lines 84--92

 []


Underfull \hbox (badness 10000) in paragraph at lines 96--101

 []


Underfull \hbox (badness 10000) in paragraph at lines 105--150

 []

[187




]) (./see.tex) (./BasicCategoryTheory.ind
Index.
[188



] [189] [190] [191] [192] [193] [194

])
\tf@thm=\write8
\openout8 = `BasicCategoryTheory.thm'.

 (./BasicCategoryTheory.aux
(./titlepages.aux) (./arxivpreface.aux) (./front.aux) (./preface.aux)
(./intro.aux) (./cfnt.aux) (./adj.aux) (./sets.aux) (./rep.aux) (./lims.aux)
(./arl.aux) (./gaft.aux) (./reading.aux) (./notation.aux))
 ***********
LaTeX2e <2023-11-01> patch level 1
L3 programming layer <2024-02-20>
 ***********


LaTeX Font Warning: Size substitutions with differences
(Font)              up to 0.5pt have occurred.


LaTeX Warning: Label(s) may have changed. Rerun to get cross-references right.

Package rerunfilecheck Info: File `BasicCategoryTheory.out' has not changed.
(rerunfilecheck)             Checksum: B5E81347FBE1A9BFD09E35943F35BCCE;1867.
 ) 
Here is how much of TeX's memory you used:
 14835 strings out of 474773
 222609 string characters out of 5757724
 2147839 words of memory out of 5000000
 36608 multiletter control sequences out of 15000+600000
 572480 words of font info for 126 fonts, out of 8000000 for 9000
 1353 hyphenation exceptions out of 8191
 77i,28n,82p,880b,1058s stack positions out of 10000i,1000n,20000p,200000b,200000s

Output written on BasicCategoryTheory.pdf (204 pages).
